{"uuid":"04bf53aa-507e-42b7-80fb-5f01eae220d3","historyId":"d7b86b8fc9887392caea8632ceee42e6","fullName":"Login page feature for the LMS website: Validating the Login functionality with no credentials entered","labels":[{"name":"host","value":"DESKTOP-DIMGNTL"},{"name":"thread","value":"47376@DESKTOP-DIMGNTL.TestNG-tests-1(19)"},{"name":"feature","value":"Login page feature for the LMS website"},{"name":"story","value":"Validating the Login functionality with no credentials entered"},{"name":"suite","value":"Login page feature for the LMS website"},{"name":"testClass","value":"Validating the Login functionality with no credentials entered"},{"name":"framework","value":"cucumber4jvm"},{"name":"language","value":"java"},{"name":"gherkin_uri","value":"file:///D:/Users/ppai2114/numpyninja-workspace/LMSUIAutomationPhase2/src/test/resources/features/LoginPage.feature"},{"name":"package","value":"src.test.resources.features.LoginPage_feature.Login page feature for the LMS website"}],"links":[],"name":"Validating the Login functionality with no credentials entered","status":"failed","statusDetails":{"known":false,"muted":false,"flaky":false,"message":"The error message for invalid password is not displayed expected [Please enter yourpassword] but found [Please enter your password]","trace":"java.lang.AssertionError: The error message for invalid password is not displayed expected [Please enter yourpassword] but found [Please enter your password]\r\n\tat org.testng.Assert.fail(Assert.java:110)\r\n\tat org.testng.Assert.failNotEquals(Assert.java:1413)\r\n\tat org.testng.Assert.assertEqualsImpl(Assert.java:149)\r\n\tat org.testng.Assert.assertEquals(Assert.java:131)\r\n\tat org.testng.Assert.assertEquals(Assert.java:655)\r\n\tat com.lms.stepdefinitions.LoginPageTest.user_should_receive_message_under_password(LoginPageTest.java:59)\r\n\tat ✽.User should receive \"Please enter yourpassword\" message under password(file:///D:/Users/ppai2114/numpyninja-workspace/LMSUIAutomationPhase2/src/test/resources/features/LoginPage.feature:8)\r\n"},"stage":"finished","steps":[{"name":"Given  User is on the Login Page","status":"passed","statusDetails":{"known":false,"muted":false,"flaky":false},"stage":"finished","steps":[],"attachments":[],"parameters":[],"start":1664261762219,"stop":1664261762387},{"name":"When  User clicks the Login button","status":"passed","statusDetails":{"known":false,"muted":false,"flaky":false},"stage":"finished","steps":[],"attachments":[],"parameters":[],"start":1664261762387,"stop":1664261762591},{"name":"Then  User should receive the message \"Invalid username and password Please try again\"","status":"passed","statusDetails":{"known":false,"muted":false,"flaky":false},"stage":"finished","steps":[],"attachments":[],"parameters":[],"start":1664261762591,"stop":1664261762592},{"name":"And  User should receive \"Please enter your user name\" message under username","status":"passed","statusDetails":{"known":false,"muted":false,"flaky":false},"stage":"finished","steps":[],"attachments":[],"parameters":[],"start":1664261762592,"stop":1664261762593},{"name":"And  User should receive \"Please enter yourpassword\" message under password","status":"failed","statusDetails":{"known":false,"muted":false,"flaky":false,"message":"The error message for invalid password is not displayed expected [Please enter yourpassword] but found [Please enter your password]","trace":"java.lang.AssertionError: The error message for invalid password is not displayed expected [Please enter yourpassword] but found [Please enter your password]\r\n\tat org.testng.Assert.fail(Assert.java:110)\r\n\tat org.testng.Assert.failNotEquals(Assert.java:1413)\r\n\tat org.testng.Assert.assertEqualsImpl(Assert.java:149)\r\n\tat org.testng.Assert.assertEquals(Assert.java:131)\r\n\tat org.testng.Assert.assertEquals(Assert.java:655)\r\n\tat com.lms.stepdefinitions.LoginPageTest.user_should_receive_message_under_password(LoginPageTest.java:59)\r\n\tat ✽.User should receive \"Please enter yourpassword\" message under password(file:///D:/Users/ppai2114/numpyninja-workspace/LMSUIAutomationPhase2/src/test/resources/features/LoginPage.feature:8)\r\n"},"stage":"finished","steps":[],"attachments":[],"parameters":[],"start":1664261762593,"stop":1664261762599}],"attachments":[],"parameters":[],"start":1664261745373,"stop":1664261763826}